1711249264.399761 client started (51179): version 3.4, socket /private/tmp/tmux-501/default, protocol 8
1711249264.399866 on Darwin 23.4.0 Darwin Kernel Version 23.4.0: Wed Feb 21 21:44:43 PST 2024; root:xnu-10063.101.15~2/RELEASE_ARM64_T6000
1711249264.399880 using libevent 2.1.12-stable select
1711249264.400235 using utf8proc 2.9.0
1711249264.400255 using ncurses 6.4 20221231
1711249264.400279 flags are 0x10010000
1711249264.400287 socket is /private/tmp/tmux-501/default
1711249264.400305 trying connect
1711249264.400368 add peer 0x120048000: 6 (0x0)
1711249264.402332 sending message 100 to peer 0x120048000 (4 bytes)
1711249264.402345 sending message 111 to peer 0x120048000 (8 bytes)
1711249264.402354 sending message 101 to peer 0x120048000 (16 bytes)
1711249264.402361 sending message 109 to peer 0x120048000 (4 bytes)
1711249264.402367 sending message 102 to peer 0x120048000 (13 bytes)
1711249264.402373 sending message 108 to peer 0x120048000 (21 bytes)
1711249264.402380 sending message 112 to peer 0x120048000 (70 bytes)
1711249264.402387 sending message 112 to peer 0x120048000 (5 bytes)
1711249264.402394 sending message 112 to peer 0x120048000 (5 bytes)
1711249264.402399 sending message 112 to peer 0x120048000 (6 bytes)
1711249264.402404 sending message 112 to peer 0x120048000 (6 bytes)
1711249264.402409 sending message 112 to peer 0x120048000 (11 bytes)
1711249264.402414 sending message 112 to peer 0x120048000 (10 bytes)
1711249264.402419 sending message 112 to peer 0x120048000 (13 bytes)
1711249264.402425 sending message 112 to peer 0x120048000 (13 bytes)
1711249264.402431 sending message 112 to peer 0x120048000 (18 bytes)
1711249264.402436 sending message 112 to peer 0x120048000 (11 bytes)
1711249264.402441 sending message 112 to peer 0x120048000 (21 bytes)
1711249264.402446 sending message 112 to peer 0x120048000 (13 bytes)
1711249264.402451 sending message 112 to peer 0x120048000 (7 bytes)
1711249264.402456 sending message 112 to peer 0x120048000 (13 bytes)
1711249264.402462 sending message 112 to peer 0x120048000 (7 bytes)
1711249264.402467 sending message 112 to peer 0x120048000 (13 bytes)
1711249264.402472 sending message 112 to peer 0x120048000 (9 bytes)
1711249264.402477 sending message 112 to peer 0x120048000 (21 bytes)
1711249264.402483 sending message 112 to peer 0x120048000 (13 bytes)
1711249264.402491 sending message 112 to peer 0x120048000 (8 bytes)
1711249264.402499 sending message 112 to peer 0x120048000 (12 bytes)
1711249264.402504 sending message 112 to peer 0x120048000 (13 bytes)
1711249264.402509 sending message 112 to peer 0x120048000 (9 bytes)
1711249264.402514 sending message 112 to peer 0x120048000 (9 bytes)
1711249264.402520 sending message 112 to peer 0x120048000 (12 bytes)
1711249264.402528 sending message 112 to peer 0x120048000 (8 bytes)
1711249264.402535 sending message 112 to peer 0x120048000 (7 bytes)
1711249264.402541 sending message 112 to peer 0x120048000 (7 bytes)
1711249264.402547 sending message 112 to peer 0x120048000 (9 bytes)
1711249264.402552 sending message 112 to peer 0x120048000 (13 bytes)
1711249264.402557 sending message 112 to peer 0x120048000 (9 bytes)
1711249264.402562 sending message 112 to peer 0x120048000 (15 bytes)
1711249264.402567 sending message 112 to peer 0x120048000 (13 bytes)
1711249264.402573 sending message 112 to peer 0x120048000 (12 bytes)
1711249264.402578 sending message 112 to peer 0x120048000 (8 bytes)
1711249264.402583 sending message 112 to peer 0x120048000 (14 bytes)
1711249264.402588 sending message 112 to peer 0x120048000 (9 bytes)
1711249264.402594 sending message 112 to peer 0x120048000 (10 bytes)
1711249264.402599 sending message 112 to peer 0x120048000 (10 bytes)
1711249264.402604 sending message 112 to peer 0x120048000 (10 bytes)
1711249264.402609 sending message 112 to peer 0x120048000 (10 bytes)
1711249264.402614 sending message 112 to peer 0x120048000 (11 bytes)
1711249264.402620 sending message 112 to peer 0x120048000 (10 bytes)
1711249264.402625 sending message 112 to peer 0x120048000 (8 bytes)
1711249264.402630 sending message 112 to peer 0x120048000 (11 bytes)
1711249264.402644 sending message 112 to peer 0x120048000 (11 bytes)
1711249264.402648 sending message 112 to peer 0x120048000 (11 bytes)
1711249264.402652 sending message 112 to peer 0x120048000 (8 bytes)
1711249264.402656 sending message 112 to peer 0x120048000 (8 bytes)
1711249264.402660 sending message 112 to peer 0x120048000 (8 bytes)
1711249264.402663 sending message 112 to peer 0x120048000 (10 bytes)
1711249264.402667 sending message 112 to peer 0x120048000 (10 bytes)
1711249264.402671 sending message 112 to peer 0x120048000 (10 bytes)
1711249264.402675 sending message 112 to peer 0x120048000 (10 bytes)
1711249264.402678 sending message 112 to peer 0x120048000 (10 bytes)
1711249264.402682 sending message 112 to peer 0x120048000 (11 bytes)
1711249264.402686 sending message 112 to peer 0x120048000 (11 bytes)
1711249264.402690 sending message 112 to peer 0x120048000 (10 bytes)
1711249264.402694 sending message 112 to peer 0x120048000 (9 bytes)
1711249264.402697 sending message 112 to peer 0x120048000 (9 bytes)
1711249264.402701 sending message 112 to peer 0x120048000 (12 bytes)
1711249264.402704 sending message 112 to peer 0x120048000 (9 bytes)
1711249264.402708 sending message 112 to peer 0x120048000 (6 bytes)
1711249264.402712 sending message 112 to peer 0x120048000 (13 bytes)
1711249264.402715 sending message 112 to peer 0x120048000 (8 bytes)
1711249264.402719 sending message 112 to peer 0x120048000 (15 bytes)
1711249264.402722 sending message 112 to peer 0x120048000 (13 bytes)
1711249264.402726 sending message 112 to peer 0x120048000 (70 bytes)
1711249264.402730 sending message 112 to peer 0x120048000 (69 bytes)
1711249264.402733 sending message 112 to peer 0x120048000 (10 bytes)
1711249264.402737 sending message 112 to peer 0x120048000 (8 bytes)
1711249264.402741 sending message 112 to peer 0x120048000 (15 bytes)
1711249264.402744 sending message 112 to peer 0x120048000 (13 bytes)
1711249264.402748 sending message 112 to peer 0x120048000 (10 bytes)
1711249264.402752 sending message 112 to peer 0x120048000 (10 bytes)
1711249264.402755 sending message 112 to peer 0x120048000 (5 bytes)
1711249264.402759 sending message 112 to peer 0x120048000 (15 bytes)
1711249264.402764 sending message 104 to peer 0x120048000 (0 bytes)
1711249264.402769 sending message 110 to peer 0x120048000 (0 bytes)
1711249264.402772 sending message 107 to peer 0x120048000 (4 bytes)
1711249264.402776 sending message 105 to peer 0x120048000 (20 bytes)
1711249264.402780 sending message 105 to peer 0x120048000 (22 bytes)
1711249264.402784 sending message 105 to peer 0x120048000 (15 bytes)
1711249264.402787 sending message 105 to peer 0x120048000 (27 bytes)
1711249264.402791 sending message 105 to peer 0x120048000 (51 bytes)
1711249264.402795 sending message 105 to peer 0x120048000 (18 bytes)
1711249264.402799 sending message 105 to peer 0x120048000 (82 bytes)
1711249264.402802 sending message 105 to peer 0x120048000 (45 bytes)
1711249264.402806 sending message 105 to peer 0x120048000 (26 bytes)
1711249264.402810 sending message 105 to peer 0x120048000 (32 bytes)
1711249264.402813 sending message 105 to peer 0x120048000 (16 bytes)
1711249264.402817 sending message 105 to peer 0x120048000 (37 bytes)
1711249264.402820 sending message 105 to peer 0x120048000 (30 bytes)
1711249264.402824 sending message 105 to peer 0x120048000 (34 bytes)
1711249264.402828 sending message 105 to peer 0x120048000 (85 bytes)
1711249264.402831 sending message 105 to peer 0x120048000 (72 bytes)
1711249264.402835 sending message 105 to peer 0x120048000 (16 bytes)
1711249264.402839 sending message 105 to peer 0x120048000 (60 bytes)
1711249264.402842 sending message 105 to peer 0x120048000 (18 bytes)
1711249264.402846 sending message 105 to peer 0x120048000 (17 bytes)
1711249264.402850 sending message 105 to peer 0x120048000 (8 bytes)
1711249264.402853 sending message 105 to peer 0x120048000 (12 bytes)
1711249264.402857 sending message 105 to peer 0x120048000 (32 bytes)
1711249264.402861 sending message 105 to peer 0x120048000 (96 bytes)
1711249264.402864 sending message 105 to peer 0x120048000 (54 bytes)
1711249264.402876 sending message 105 to peer 0x120048000 (141 bytes)
1711249264.402880 sending message 105 to peer 0x120048000 (18 bytes)
1711249264.402883 sending message 105 to peer 0x120048000 (12 bytes)
1711249264.402887 sending message 105 to peer 0x120048000 (11 bytes)
1711249264.402891 sending message 105 to peer 0x120048000 (725 bytes)
1711249264.402895 sending message 105 to peer 0x120048000 (25 bytes)
1711249264.402898 sending message 105 to peer 0x120048000 (24 bytes)
1711249264.402902 sending message 105 to peer 0x120048000 (15 bytes)
1711249264.402906 sending message 105 to peer 0x120048000 (8 bytes)
1711249264.402909 sending message 105 to peer 0x120048000 (66 bytes)
1711249264.402913 sending message 105 to peer 0x120048000 (21 bytes)
1711249264.402917 sending message 105 to peer 0x120048000 (67 bytes)
1711249264.402920 sending message 105 to peer 0x120048000 (18 bytes)
1711249264.402924 sending message 105 to peer 0x120048000 (25 bytes)
1711249264.402928 sending message 105 to peer 0x120048000 (57 bytes)
1711249264.402931 sending message 105 to peer 0x120048000 (43 bytes)
1711249264.402935 sending message 105 to peer 0x120048000 (13 bytes)
1711249264.402938 sending message 105 to peer 0x120048000 (9 bytes)
1711249264.402942 sending message 105 to peer 0x120048000 (147 bytes)
1711249264.402946 sending message 105 to peer 0x120048000 (15 bytes)
1711249264.402949 sending message 105 to peer 0x120048000 (14 bytes)
1711249264.402953 sending message 105 to peer 0x120048000 (19 bytes)
1711249264.402957 sending message 105 to peer 0x120048000 (26 bytes)
1711249264.402960 sending message 105 to peer 0x120048000 (26 bytes)
1711249264.402964 sending message 105 to peer 0x120048000 (22 bytes)
1711249264.402968 sending message 105 to peer 0x120048000 (42 bytes)
1711249264.402971 sending message 105 to peer 0x120048000 (38 bytes)
1711249264.402975 sending message 105 to peer 0x120048000 (10 bytes)
1711249264.402979 sending message 105 to peer 0x120048000 (25 bytes)
1711249264.402982 sending message 106 to peer 0x120048000 (0 bytes)
1711249264.403035 sending message 200 to peer 0x120048000 (4 bytes)
1711249264.403040 client loop enter
1711249264.403201 peer 0x120048000 message 303
1711249264.403207 open write file 2 -
1711249264.403216 sending message 305 to peer 0x120048000 (8 bytes)
1711249264.403228 write check file 2
1711249264.403247 peer 0x120048000 message 304
1711249264.403251 write 58 to file 2
1711249264.403256 peer 0x120048000 message 203
1711249264.403260 file 2 58 bytes left
1711249264.403273 write check file 2
1711249264.403277 client loop exit
