2022-01-16 17:53:04,423 (7ff37969c848) :  INFO (core:349) - Starting framework core - Version: 2.6.3, Build: f113340 (Wed Jan 12 18:34:40 UTC 2022)
2022-01-16 17:53:04,423 (7ff37969c848) :  DEBUG (core:361) - Using the elevated policy
2022-01-16 17:53:04,423 (7ff37969c848) :  DEBUG (core:365) - Extending whitelist: ['cgi', 'tempfile']
2022-01-16 17:53:04,423 (7ff37969c848) :  DEBUG (core:450) - Starting runtime component.
2022-01-16 17:53:04,424 (7ff37969c848) :  DEBUG (core:450) - Starting caching component.
2022-01-16 17:53:04,424 (7ff37969c848) :  DEBUG (core:450) - Starting data component.
2022-01-16 17:53:04,425 (7ff37969c848) :  DEBUG (core:450) - Starting networking component.
2022-01-16 17:53:04,425 (7ff37969c848) :  DEBUG (networking:261) - Loaded HTTP cookies
2022-01-16 17:53:04,425 (7ff37969c848) :  DEBUG (networking:428) - Setting the default network timeout to 20.0
2022-01-16 17:53:04,425 (7ff37969c848) :  DEBUG (core:450) - Starting localization component.
2022-01-16 17:53:04,425 (7ff37969c848) :  INFO (localization:409) - Setting the default locale to en-us
2022-01-16 17:53:04,426 (7ff37969c848) :  WARNING (data:179) - Error decoding with simplejson, using demjson instead (this will cause a performance hit) - Expecting property name enclosed in double quotes: line 26 column 1 (char 1078)
2022-01-16 17:53:04,427 (7ff37969c848) :  DEBUG (localization:427) - Loaded en strings
2022-01-16 17:53:04,427 (7ff37969c848) :  DEBUG (core:450) - Starting messaging component.
2022-01-16 17:53:04,427 (7ff37969c848) :  DEBUG (core:450) - Starting debugging component.
2022-01-16 17:53:04,427 (7ff37969c848) :  DEBUG (core:450) - Starting services component.
2022-01-16 17:53:04,427 (7ff37969c848) :  DEBUG (core:450) - Starting myplex component.
2022-01-16 17:53:04,427 (7ff37969c848) :  DEBUG (core:450) - Starting notifications component.
2022-01-16 17:53:04,508 (7ff37969c848) :  DEBUG (accessor:68) - Creating a new model access point for provider com.plexapp.system in namespace 'metadata'
2022-01-16 17:53:04,515 (7ff37969c848) :  DEBUG (runtime:1117) - Created a thread named 'load_all_services'
2022-01-16 17:53:04,515 (7ff37641fb38) :  DEBUG (services:265) - Plug-in is not daemonized - loading services from system
2022-01-16 17:53:04,516 (7ff37969c848) :  DEBUG (runtime:1117) - Created a thread named 'get_server_info'
2022-01-16 17:53:04,516 (7ff37641fb38) :  DEBUG (networking:143) - Requesting 'http://127.0.0.1:32400/:/plugins/com.plexapp.system/messaging/function/X0J1bmRsZVNlcnZpY2U6QWxsU2VydmljZXM_/Y2VyZWFsMQoxCmxpc3QKMApyMAo_/Y2VyZWFsMQoxCmRpY3QKMApyMAo_'
2022-01-16 17:53:04,517 (7ff3763d9b38) :  DEBUG (networking:143) - Requesting 'http://127.0.0.1:32400'
2022-01-16 17:53:04,517 (7ff37969c848) :  DEBUG (core:150) - Finished starting framework core
2022-01-16 17:53:04,518 (7ff37969c848) :  DEBUG (core:560) - Loading plug-in code
2022-01-16 17:53:04,529 (7ff37969c848) :  DEBUG (core:566) - Finished loading plug-in code
2022-01-16 17:53:04,529 (7ff37969c848) :  DEBUG (runtime:640) - Adding a prefix handler for 'System' ('/system')
2022-01-16 17:53:04,921 (7ff37969c848) :  INFO (__init__:35) - Starting System f113340 (Wed Jan 12 18:34:40 UTC 2022)
2022-01-16 17:53:04,921 (7ff37969c848) :  DEBUG (runtime:640) - Adding a prefix handler for 'Player' ('/player')
2022-01-16 17:53:04,925 (7ff37969c848) :  INFO (datakit:93) - Loaded the dictionary file
2022-01-16 17:53:04,926 (7ff37969c848) :  DEBUG (agentservice:52) - Starting the agent service
2022-01-16 17:53:05,004 (7ff37969c848) :  DEBUG (accessor:68) - Creating a new model access point for provider com.plexapp.system in namespace 'metadata'
2022-01-16 17:53:05,008 (7ff37969c848) :  DEBUG (bundleservice:65) - Starting the bundle service
2022-01-16 17:53:05,008 (7ff37969c848) :  DEBUG (runtime:1117) - Created a thread named 'start'
2022-01-16 17:53:05,009 (7ff37969c848) :  DEBUG (playerservice:12) - Starting the player service
2022-01-16 17:53:05,009 (7ff37969c848) :  DEBUG (flagservice:13) - Starting the media flag service
2022-01-16 17:53:05,009 (7ff37969c848) :  DEBUG (runtime:1117) - Created a thread named 'start'
2022-01-16 17:53:05,009 (7ff37969c848) :  DEBUG (peerservice:141) - Starting the peer service
2022-01-16 17:53:05,011 (7ff3761a3b38) :  DEBUG (peerservice:164) - Fetching the current list of servers
2022-01-16 17:53:05,011 (7ff37969c848) :  DEBUG (runtime:1117) - Created a thread named 'refresh_servers'
2022-01-16 17:53:05,011 (7ff3761a3b38) :  DEBUG (networking:143) - Requesting 'http://127.0.0.1:32400/servers'
2022-01-16 17:53:05,012 (7ff37969c848) :  DEBUG (runtime:1150) - Scheduled a timed thread named 'refresh_servers'
2022-01-16 17:53:05,012 (7ff3761e9b38) :  DEBUG (runtime:1117) - Created a thread named 'ensure_agent_info_exists_inner'
2022-01-16 17:53:05,012 (7ff37969c848) :  DEBUG (streamservice:18) - Starting the stream service
2022-01-16 17:53:05,013 (7ff37969c848) :  CRITICAL (runtime:709) - Private handlers are no longer supported; couldn't register <bound method StreamService.token_handler of <streamservice.StreamService object at 0x7ff376bddfd0>>
2022-01-16 17:53:05,013 (7ff37969c848) :  DEBUG (runtime:1150) - Scheduled a timed thread named 'invalidation_timer'
2022-01-16 17:53:05,013 (7ff37969c848) :  DEBUG (proxyservice:12) - Starting the proxy service
2022-01-16 17:53:05,014 (7ff3761e9b38) :  DEBUG (runtime:1117) - Created a thread named 'ensure_agent_info_exists_inner'
2022-01-16 17:53:05,015 (7ff3761e9b38) :  DEBUG (runtime:1117) - Created a thread named 'ensure_agent_info_exists_inner'
2022-01-16 17:53:05,015 (7ff37969c848) :  DEBUG (runtime:1117) - Created a thread named 'update_attribution_flags_inner'
2022-01-16 17:53:05,015 (7ff37969c848) :  INFO (core:611) - Started plug-in
2022-01-16 17:53:05,015 (7ff37969c848) :  DEBUG (socketinterface:160) - Starting socket server
2022-01-16 17:53:05,016 (7ff3761e9b38) :  DEBUG (runtime:1117) - Created a thread named 'ensure_agent_info_exists_inner'
2022-01-16 17:53:05,016 (7ff37969c848) :  DEBUG (runtime:1117) - Created a thread named 'start'
2022-01-16 17:53:05,017 (7ff37969c848) :  INFO (socketinterface:184) - Socket server started on port 32973
2022-01-16 17:53:05,017 (7ff37969c848) :  INFO (pipeinterface:25) - Entering run loop
2022-01-16 17:53:05,017 (7ff37969c848) :  DEBUG (runtime:717) - Handling request GET /:/prefixes
2022-01-16 17:53:05,018 (7ff37969c848) :  DEBUG (runtime:814) - Found route matching /:/prefixes
2022-01-16 17:53:05,019 (7ff3761e9b38) :  DEBUG (runtime:1117) - Created a thread named 'ensure_agent_info_exists_inner'
2022-01-16 17:53:05,019 (7ff37969c848) :  DEBUG (runtime:924) - Response: [200] MediaContainer, 486 bytes
2022-01-16 17:53:05,020 (7ff3761e9b38) :  DEBUG (runtime:1117) - Created a thread named 'ensure_agent_info_exists_inner'
2022-01-16 17:53:05,021 (7ff375a76b38) :  DEBUG (runtime:717) - Handling request GET /system/agents
2022-01-16 17:53:05,021 (7ff3761e9b38) :  DEBUG (runtime:1117) - Created a thread named 'ensure_agent_info_exists_inner'
2022-01-16 17:53:05,039 (7ff375a76b38) :  DEBUG (runtime:814) - Found route matching /system/agents
2022-01-16 17:53:05,040 (7ff3761a3b38) :  DEBUG (peerservice:171) - Refreshing local server
2022-01-16 17:53:05,041 (7ff3761a3b38) :  DEBUG (peerservice:189) - Updating servers (True/False True/True/True)
2022-01-16 17:53:05,041 (7ff3763d9b38) :  DEBUG (core:538) - Machine identifier is befe4766b9f0ea72ec61f449f992356cdef0d4ca
2022-01-16 17:53:05,041 (7ff3757b1b38) :  DEBUG (runtime:717) - Handling request GET /:/plugins/com.plexapp.system/messaging/function/X0J1bmRsZVNlcnZpY2U6QWxsU2VydmljZXM_/Y2VyZWFsMQoxCmxpc3QKMApyMAo_/Y2VyZWFsMQoxCmRpY3QKMApyMAo_
2022-01-16 17:53:05,041 (7ff3761e9b38) :  DEBUG (runtime:1117) - Created a thread named 'ensure_agent_info_exists_inner'
2022-01-16 17:53:05,042 (7ff3761a3b38) :  DEBUG (peerservice:198) - Found 1 servers
2022-01-16 17:53:05,042 (7ff3763d9b38) :  DEBUG (core:539) - Server version is 1.25.3.5409-f11334058
2022-01-16 17:53:05,046 (7ff3761a3b38) :  DEBUG (peerservice:230) - Creating new server 84054c665b19 (befe4766b9f0ea72ec61f449f992356cdef0d4ca)
2022-01-16 17:53:05,048 (7ff3761a3b38) :  DEBUG (networking:143) - Requesting 'http://127.0.0.1:32400/library/sections'
2022-01-16 17:53:05,049 (7ff3761e9b38) :  DEBUG (runtime:1117) - Created a thread named 'ensure_agent_info_exists_inner'
2022-01-16 17:53:05,050 (7ff3761a3b38) :  DEBUG (networking:143) - Requesting 'http://127.0.0.1:32400/channels/all'
2022-01-16 17:53:05,052 (7ff3761a3b38) :  DEBUG (runtime:1117) - Created a thread named 'background_refresh'
2022-01-16 17:53:05,053 (7ff3761e9b38) :  CRITICAL (storage:60) - Exception reading file /usr/lib/plexmediaserver/Resources/Plug-ins-f11334058/WebClient.bundle/Contents/Info.plist (most recent call last):
  File "/usr/lib/plexmediaserver/Resources/Plug-ins-f11334058/Framework.bundle/Contents/Resources/Versions/2/Python/Framework/components/storage.py", line 55, in load
    f = open(filename, mode)
IOError: [Errno 2] No such file or directory: '/usr/lib/plexmediaserver/Resources/Plug-ins-f11334058/WebClient.bundle/Contents/Info.plist'

2022-01-16 17:53:05,053 (7ff3763d9b38) :  DEBUG (peerservice:176) - Background-refreshing remote servers
2022-01-16 17:53:05,058 (7ff3757b1b38) :  DEBUG (runtime:814) - Found route matching /:/plugins/com.plexapp.system/messaging/function/X0J1bmRsZVNlcnZpY2U6QWxsU2VydmljZXM_/Y2VyZWFsMQoxCmxpc3QKMApyMAo_/Y2VyZWFsMQoxCmRpY3QKMApyMAo_
2022-01-16 17:53:05,058 (7ff3763d9b38) :  DEBUG (peerservice:189) - Updating servers (True/False True/True/True)
2022-01-16 17:53:05,059 (7ff3763d9b38) :  DEBUG (peerservice:198) - Found 1 servers
2022-01-16 17:53:05,059 (7ff3761e9b38) :  CRITICAL (bundleservice:141) - Exception adding bundle: WebClient.bundle (most recent call last):
  File "/usr/lib/plexmediaserver/Resources/Plug-ins-f11334058/System.bundle/Contents/Code/bundleservice.py", line 131, in update_bundles
    Log('Found duplicate identifier at %s for bundled plugin (%s), ignoring duplicate plugin.' % (path, bundle.identifier))
  File "/usr/lib/plexmediaserver/Resources/Plug-ins-f11334058/System.bundle/Contents/Code/bundleservice.py", line 18, in __init__
    self.load_plist()
  File "/usr/lib/plexmediaserver/Resources/Plug-ins-f11334058/System.bundle/Contents/Code/bundleservice.py", line 22, in load_plist
    plist = Plist.ObjectFromString(Core.storage.load(Core.storage.join_path(self.path, "Contents", "Info.plist")))
  File "/usr/lib/plexmediaserver/Resources/Plug-ins-f11334058/Framework.bundle/Contents/Resources/Versions/2/Python/Framework/api/parsekit.py", line 32, in ObjectFromString
    check_size(string, max_size)
  File "/usr/lib/plexmediaserver/Resources/Plug-ins-f11334058/Framework.bundle/Contents/Resources/Versions/2/Python/Framework/api/parsekit.py", line 22, in check_size
    if len(data) > max_size:
TypeError: object of type 'NoneType' has no len()

2022-01-16 17:53:05,059 (7ff3763d9b38) :  DEBUG (peerservice:233) - Updating existing server 84054c665b19 (befe4766b9f0ea72ec61f449f992356cdef0d4ca)
2022-01-16 17:53:05,059 (7ff3763d9b38) :  DEBUG (networking:143) - Requesting 'http://127.0.0.1:32400/library/sections'
2022-01-16 17:53:05,060 (7ff3761e9b38) :  DEBUG (runtime:1117) - Created a thread named 'ensure_agent_info_exists_inner'
2022-01-16 17:53:05,061 (7ff3763d9b38) :  DEBUG (networking:143) - Requesting 'http://127.0.0.1:32400/channels/all'
2022-01-16 17:53:05,061 (7ff3761e9b38) :  DEBUG (runtime:1117) - Created a thread named 'ensure_agent_info_exists_inner'
2022-01-16 17:53:05,062 (7ff3761e9b38) :  DEBUG (runtime:1117) - Created a thread named 'ensure_agent_info_exists_inner'
2022-01-16 17:53:05,062 (7ff3761e9b38) :  INFO (bundleservice:131) - Found duplicate identifier at /usr/lib/plexmediaserver/Resources/Plug-ins-f11334058/TheTVDBv4.bundle for bundled plugin (com.plexapp.agents.thetvdb), ignoring duplicate plugin.
2022-01-16 17:53:05,063 (7ff3761e9b38) :  DEBUG (runtime:1117) - Created a thread named 'ensure_agent_info_exists_inner'
2022-01-16 17:53:05,063 (7ff3761e9b38) :  DEBUG (runtime:1117) - Created a thread named 'ensure_agent_info_exists_inner'
2022-01-16 17:53:05,064 (7ff3761e9b38) :  DEBUG (runtime:1117) - Created a thread named 'ensure_agent_info_exists_inner'
2022-01-16 17:53:05,064 (7ff3761e9b38) :  DEBUG (runtime:1117) - Created a thread named 'ensure_agent_info_exists_inner'
2022-01-16 17:53:05,065 (7ff3761e9b38) :  DEBUG (runtime:1117) - Created a thread named 'ensure_agent_info_exists_inner'
2022-01-16 17:53:05,065 (7ff3761e9b38) :  DEBUG (runtime:1117) - Created a thread named 'remove_unavailable_agents'
2022-01-16 17:53:05,065 (7ff3761e9b38) :  DEBUG (bundleservice:81) - Started the bundle service
2022-01-16 17:53:05,067 (7ff3761c6b38) :  DEBUG (flagservice:46) - Started the media flag service
2022-01-16 17:53:05,067 (7ff3757b1b38) :  DEBUG (runtime:88) - Sending packed state data (99 bytes)
2022-01-16 17:53:05,068 (7ff3757b1b38) :  DEBUG (runtime:924) - Response: [200] str, 516 bytes
2022-01-16 17:53:05,069 (7ff375a76b38) :  CRITICAL (storage:60) - Exception reading file /usr/lib/plexmediaserver/Resources/Plug-ins-f11334058/WebClient.bundle/Contents/Info.plist (most recent call last):
  File "/usr/lib/plexmediaserver/Resources/Plug-ins-f11334058/Framework.bundle/Contents/Resources/Versions/2/Python/Framework/components/storage.py", line 55, in load
    f = open(filename, mode)
IOError: [Errno 2] No such file or directory: '/usr/lib/plexmediaserver/Resources/Plug-ins-f11334058/WebClient.bundle/Contents/Info.plist'

2022-01-16 17:53:05,070 (7ff375a76b38) :  CRITICAL (bundleservice:141) - Exception adding bundle: WebClient.bundle (most recent call last):
  File "/usr/lib/plexmediaserver/Resources/Plug-ins-f11334058/System.bundle/Contents/Code/bundleservice.py", line 131, in update_bundles
    Log('Found duplicate identifier at %s for bundled plugin (%s), ignoring duplicate plugin.' % (path, bundle.identifier))
  File "/usr/lib/plexmediaserver/Resources/Plug-ins-f11334058/System.bundle/Contents/Code/bundleservice.py", line 18, in __init__
    self.load_plist()
  File "/usr/lib/plexmediaserver/Resources/Plug-ins-f11334058/System.bundle/Contents/Code/bundleservice.py", line 22, in load_plist
    plist = Plist.ObjectFromString(Core.storage.load(Core.storage.join_path(self.path, "Contents", "Info.plist")))
  File "/usr/lib/plexmediaserver/Resources/Plug-ins-f11334058/Framework.bundle/Contents/Resources/Versions/2/Python/Framework/api/parsekit.py", line 32, in ObjectFromString
    check_size(string, max_size)
  File "/usr/lib/plexmediaserver/Resources/Plug-ins-f11334058/Framework.bundle/Contents/Resources/Versions/2/Python/Framework/api/parsekit.py", line 22, in check_size
    if len(data) > max_size:
TypeError: object of type 'NoneType' has no len()

2022-01-16 17:53:05,071 (7ff37641fb38) :  DEBUG (services:362) - Loaded services
2022-01-16 17:53:05,073 (7ff3763fcb38) :  DEBUG (services:438) - No shared code to load
2022-01-16 17:53:05,075 (7ff375a76b38) :  DEBUG (runtime:1117) - Created a thread named 'ensure_agent_info_exists_inner'
2022-01-16 17:53:05,082 (7ff375a76b38) :  DEBUG (runtime:924) - Response: [200] MediaContainer, 11288 bytes
2022-01-16 17:53:05,082 (7ff3763d9b38) :  CRITICAL (storage:60) - Exception reading file /usr/lib/plexmediaserver/Resources/Plug-ins-f11334058/WebClient.bundle/Contents/Info.plist (most recent call last):
  File "/usr/lib/plexmediaserver/Resources/Plug-ins-f11334058/Framework.bundle/Contents/Resources/Versions/2/Python/Framework/components/storage.py", line 55, in load
    f = open(filename, mode)
IOError: [Errno 2] No such file or directory: '/usr/lib/plexmediaserver/Resources/Plug-ins-f11334058/WebClient.bundle/Contents/Info.plist'

2022-01-16 17:53:05,083 (7ff3763d9b38) :  CRITICAL (bundleservice:141) - Exception adding bundle: WebClient.bundle (most recent call last):
  File "/usr/lib/plexmediaserver/Resources/Plug-ins-f11334058/System.bundle/Contents/Code/bundleservice.py", line 131, in update_bundles
    Log('Found duplicate identifier at %s for bundled plugin (%s), ignoring duplicate plugin.' % (path, bundle.identifier))
  File "/usr/lib/plexmediaserver/Resources/Plug-ins-f11334058/System.bundle/Contents/Code/bundleservice.py", line 18, in __init__
    self.load_plist()
  File "/usr/lib/plexmediaserver/Resources/Plug-ins-f11334058/System.bundle/Contents/Code/bundleservice.py", line 22, in load_plist
    plist = Plist.ObjectFromString(Core.storage.load(Core.storage.join_path(self.path, "Contents", "Info.plist")))
  File "/usr/lib/plexmediaserver/Resources/Plug-ins-f11334058/Framework.bundle/Contents/Resources/Versions/2/Python/Framework/api/parsekit.py", line 32, in ObjectFromString
    check_size(string, max_size)
  File "/usr/lib/plexmediaserver/Resources/Plug-ins-f11334058/Framework.bundle/Contents/Resources/Versions/2/Python/Framework/api/parsekit.py", line 22, in check_size
    if len(data) > max_size:
TypeError: object of type 'NoneType' has no len()

2022-01-16 17:53:05,084 (7ff3763d9b38) :  DEBUG (runtime:1117) - Created a thread named 'ensure_agent_info_exists_inner'
2022-01-16 17:53:05,085 (7ff37612ab38) :  INFO (agentservice:129) - Agent info: {'com.plexapp.agents.fanarttv': [{'media_types': ['Movie'], 'primary_provider': False, 'fallback_agent': None, 'contributes_to': ['com.plexapp.agents.imdb', 'com.plexapp.agents.themoviedb'], 'has_attribution': True, 'languages': ['xn'], 'persist_stored_files': True, 'version': 0, 'accepts_from': None, 'prefs': True, 'name': 'Fanart.tv'}, {'media_types': ['TV_Show'], 'primary_provider': False, 'fallback_agent': None, 'contributes_to': ['com.plexapp.agents.thetvdb', 'com.plexapp.agents.themoviedb'], 'has_attribution': True, 'languages': ['xn'], 'persist_stored_files': True, 'version': 0, 'accepts_from': None, 'prefs': True, 'name': 'Fanart.tv'}, {'media_types': ['Artist'], 'primary_provider': False, 'fallback_agent': None, 'contributes_to': ['com.plexapp.agents.lastfm'], 'has_attribution': True, 'languages': ['xn'], 'persist_stored_files': True, 'version': 0, 'accepts_from': None, 'prefs': True, 'name': 'Fanart.tv'}, {'media_types': ['Album'], 'primary_provider': False, 'fallback_agent': None, 'contributes_to': ['com.plexapp.agents.lastfm'], 'has_attribution': True, 'languages': ['xn'], 'persist_stored_files': True, 'version': 0, 'accepts_from': None, 'prefs': True, 'name': 'Fanart.tv'}], 'com.plexapp.agents.none': [{'media_types': ['Movie'], 'primary_provider': True, 'fallback_agent': None, 'contributes_to': None, 'has_attribution': False, 'languages': ['xn'], 'persist_stored_files': True, 'version': 0, 'accepts_from': None, 'prefs': False, 'name': 'Personal Media'}, {'media_types': ['TV_Show'], 'primary_provider': True, 'fallback_agent': None, 'contributes_to': None, 'has_attribution': False, 'languages': ['xn'], 'persist_stored_files': True, 'version': 0, 'accepts_from': None, 'prefs': False, 'name': 'Personal Media Shows'}, {'media_types': ['Artist'], 'primary_provider': True, 'fallback_agent': None, 'contributes_to': None, 'has_attribution': False, 'languages': ['xn'], 'persist_stored_files': True, 'version': 0, 'accepts_from': None, 'prefs': False, 'name': 'Personal Media Artists'}, {'media_types': ['Album'], 'primary_provider': True, 'fallback_agent': None, 'contributes_to': None, 'has_attribution': False, 'languages': ['xn'], 'persist_stored_files': True, 'version': 0, 'accepts_from': None, 'prefs': False, 'name': 'Personal Media Albums'}, {'media_types': ['Photo'], 'primary_provider': True, 'fallback_agent': None, 'contributes_to': None, 'has_attribution': False, 'languages': ['en', 'ar', 'bg', 'ca', 'cs', 'cy', 'da', 'de', 'el', 'es', 'et', 'fa', 'fi', 'fr', 'he', 'hi', 'hr', 'ht', 'hu', 'id', 'it', 'ja', 'ko', 'lt', 'lv', 'ms', 'mt', 'nl', 'no', 'pl', 'pt', 'ro', 'ru', 'sk', 'sv', 'sl', 'sr', 'th', 'tr', 'uk', 'ur', 'vi', 'zh', 'xn'], 'persist_stored_files': True, 'version': 0, 'accepts_from': None, 'prefs': False, 'name': 'Photos'}], 'tv.plex.agents.music': [{'media_types': ['Artist'], 'primary_provider': True, 'fallback_agent': None, 'contributes_to': ['com.plexapp.agents.localmedia'], 'has_attribution': True, 'languages': ['en', 'ar', 'bg', 'zh', 'hr', 'cs', 'da', 'nl', 'fi', 'fr', 'de', 'el', 'hu', 'id', 'it', 'ja', 'ko', 'nn', 'pl', 'pt', 'ro', 'ru', 'sr', 'sk', 'es', 'sv', 'th', 'tr', 'vi', 'xx'], 'persist_stored_files': True, 'version': 0, 'accepts_from': None, 'prefs': True, 'name': 'Plex Music'}, {'media_types': ['Album'], 'primary_provider': True, 'fallback_agent': None, 'contributes_to': ['com.plexapp.agents.localmedia'], 'has_attribution': True, 'languages': ['en', 'ar', 'bg', 'zh', 'hr', 'cs', 'da', 'nl', 'fi', 'fr', 'de', 'el', 'hu', 'id', 'it', 'ja', 'ko', 'nn', 'pl', 'pt', 'ro', 'ru', 'sr', 'sk', 'es', 'sv', 'th', 'tr', 'vi', 'xx'], 'persist_stored_files': True, 'version': 0, 'accepts_from': None, 'prefs': True, 'name': 'Plex Music'}], 'com.plexapp.agents.opensubtitles': [{'media_types': ['Movie'], 'primary_provider': False, 'fallback_agent': None, 'contributes_to': ['com.plexapp.agents.imdb'], 'has_attribution': False, 'languages': ['xn'], 'persist_stored_files': True, 'version': 0, 'accepts_from': None, 'prefs': True, 'name': 'OpenSubtitles.org'}, {'media_types': ['TV_Show'], 'primary_provider': False, 'fallback_agent': None, 'contributes_to': ['com.plexapp.agents.thetvdb'], 'has_attribution': False, 'languages': ['xn'], 'persist_stored_files': True, 'version': 0, 'accepts_from': None, 'prefs': True, 'name': 'OpenSubtitles.org'}], 'com.plexapp.agents.imdb': [{'media_types': ['Movie'], 'accepts_from': ['com.plexapp.agents.localmedia'], 'fallback_agent': None, 'contributes_to': ['com.plexapp.agents.themoviedb'], 'has_attribution': True, 'languages': ['en', 'sv', 'fr', 'es', 'nl', 'de', 'it', 'da', 'ar', 'ca', 'zh', 'cs', 'et', 'fi', 'el', 'he', 'hi', 'hu', 'id', 'ja', 'ko', 'lv', 'no', 'fa', 'pl', 'pt', 'ro', 'ru', 'sk', 'th', 'tr', 'uk', 'vi'], 'persist_stored_files': True, 'version': 0, 'primary_provider': True, 'prefs': True, 'name': 'Plex Movie'}], 'com.plexapp.agents.lyricfind': [{'media_types': ['Album'], 'primary_provider': False, 'fallback_agent': None, 'contributes_to': ['com.plexapp.agents.lastfm', 'tv.plex.agents.music', 'org.musicbrainz.agents.music'], 'has_attribution': True, 'languages': ['xn'], 'persist_stored_files': True, 'version': 0, 'accepts_from': None, 'prefs': False, 'name': 'LyricFind'}], 'com.plexapp.agents.thetvdb': [{'media_types': ['TV_Show'], 'primary_provider': True, 'fallback_agent': None, 'contributes_to': None, 'has_attribution': True, 'languages': ['en', 'fr', 'zh', 'sv', 'no', 'da', 'fi', 'nl', 'de', 'it', 'es', 'pl', 'hu', 'el', 'tr', 'ru', 'he', 'ja', 'pt', 'cs', 'ko', 'sl', 'hr'], 'persist_stored_files': True, 'version': 0, 'accepts_from': None, 'prefs': True, 'name': 'TheTVDB'}], 'tv.plex.agents.movie': [{'media_types': ['Movie'], 'primary_provider': True, 'fallback_agent': None, 'contributes_to': None, 'has_attribution': True, 'languages': [], 'persist_stored_files': True, 'version': 0, 'accepts_from': None, 'prefs': True, 'name': 'Plex Movie'}], 'tv.plex.agents.series': [{'media_types': ['TV_Show'], 'primary_provider': True, 'fallback_agent': None, 'contributes_to': None, 'has_attribution': True, 'languages': [], 'persist_stored_files': True, 'version': 0, 'accepts_from': None, 'prefs': True, 'name': 'Plex TV Series'}], 'com.plexapp.agents.lastfm': [{'media_types': ['Artist'], 'primary_provider': True, 'fallback_agent': None, 'contributes_to': None, 'has_attribution': True, 'languages': ['en', 'sv', 'fr', 'es', 'de', 'pl', 'it', 'pt', 'ja', 'tr', 'ru', 'zh'], 'persist_stored_files': True, 'version': 0, 'accepts_from': None, 'prefs': True, 'name': 'Last.fm'}, {'media_types': ['Album'], 'primary_provider': True, 'fallback_agent': None, 'contributes_to': None, 'has_attribution': True, 'languages': ['en', 'sv', 'fr', 'es', 'de', 'pl', 'it', 'pt', 'ja', 'tr', 'ru', 'zh'], 'persist_stored_files': True, 'version': 0, 'accepts_from': None, 'prefs': True, 'name': 'Last.fm'}], 'org.musicbrainz.agents.music': [{'media_types': ['Artist'], 'primary_provider': True, 'fallback_agent': None, 'contributes_to': None, 'has_attribution': True, 'languages': ['en', 'ar', 'bg', 'zh', 'hr', 'cs', 'da', 'nl', 'fi', 'fr', 'de', 'el', 'hu', 'id', 'it', 'ja', 'ko', 'nn', 'pl', 'pt', 'ro', 'ru', 'sr', 'sk', 'es', 'sv', 'th', 'tr', 'vi', 'xx'], 'persist_stored_files': True, 'version': 0, 'accepts_from': None, 'prefs': True, 'name': 'Musicbrainz'}, {'media_types': ['Album'], 'primary_provider': True, 'fallback_agent': None, 'contributes_to': None, 'has_attribution': True, 'languages': ['en', 'ar', 'bg', 'zh', 'hr', 'cs', 'da', 'nl', 'fi', 'fr', 'de', 'el', 'hu', 'id', 'it', 'ja', 'ko', 'nn', 'pl', 'pt', 'ro', 'ru', 'sr', 'sk', 'es', 'sv', 'th', 'tr', 'vi', 'xx'], 'persist_stored_files': True, 'version': 0, 'accepts_from': None, 'prefs': True, 'name': 'Musicbrainz'}], 'com.plexapp.agents.themoviedb': [{'media_types': ['Movie'], 'primary_provider': True, 'fallback_agent': None, 'contributes_to': None, 'has_attribution': True, 'languages': ['en', 'cs', 'da', 'de', 'el', 'es', 'fi', 'fr', 'he', 'hr', 'hu', 'it', 'lv', 'lt', 'nl', 'no', 'pl', 'pt', 'ru', 'sk', 'sv', 'th', 'tr', 'vi', 'zh', 'ko'], 'persist_stored_files': True, 'version': 0, 'accepts_from': ['com.plexapp.agents.localmedia'], 'prefs': True, 'name': 'The Movie Database'}, {'media_types': ['TV_Show'], 'primary_provider': True, 'fallback_agent': None, 'contributes_to': ['com.plexapp.agents.thetvdb'], 'has_attribution': True, 'languages': ['en', 'cs', 'da', 'de', 'el', 'es', 'fi', 'fr', 'he', 'hr', 'hu', 'it', 'lv', 'lt', 'nl', 'no', 'pl', 'pt', 'ru', 'sk', 'sv', 'th', 'tr', 'vi', 'zh', 'ko'], 'persist_stored_files': True, 'version': 0, 'accepts_from': ['com.plexapp.agents.localmedia', 'com.plexapp.agents.thetvdb'], 'prefs': True, 'name': 'The Movie Database'}], 'com.plexapp.agents.htbackdrops': [{'media_types': ['Artist'], 'primary_provider': False, 'fallback_agent': None, 'contributes_to': ['com.plexapp.agents.lastfm'], 'has_attribution': True, 'languages': ['ab', 'aa', 'af', 'ak', 'sq', 'am', 'ar', 'an', 'hy', 'as', 'av', 'ae', 'ay', 'az', 'bm', 'ba', 'eu', 'be', 'bn', 'bh', 'bi', 'bs', 'pb', 'br', 'bg', 'my', 'ca', 'ch', 'ce', 'ny', 'zh', 'cu', 'cv', 'kw', 'co', 'cr', 'hr', 'cs', 'da', 'dv', 'nl', 'dz', 'en', 'eo', 'et', 'ee', 'fo', 'fj', 'fi', 'fr', 'fy', 'ff', 'gd', 'gl', 'lg', 'ka', 'de', 'el', 'gn', 'gu', 'ht', 'ha', 'he', 'hz', 'hi', 'ho', 'hu', 'is', 'io', 'ig', 'id', 'ia', 'ie', 'iu', 'ik', 'ga', 'it', 'ja', 'jv', 'kl', 'kn', 'kr', 'ks', 'kk', 'km', 'ki', 'rw', 'ky', 'kv', 'kg', 'ko', 'kj', 'ku', 'lo', 'la', 'lv', 'li', 'ln', 'lt', 'lu', 'lb', 'mk', 'mg', 'ms', 'ml', 'mt', 'gv', 'mi', 'mr', 'mh', 'mo', 'mn', 'na', 'nv', 'ng', 'ne', 'xn', 'nd', 'no', 'nb', 'nn', 'oc', 'oj', 'or', 'om', 'os', 'pi', 'pa', 'fa', 'pl', 'pt', 'ps', 'qu', 'rm', 'ro', 'rn', 'ru', 'se', 'sm', 'sg', 'sa', 'sc', 'sr', 'sn', 'ii', 'sd', 'si', 'sk', 'sl', 'so', 'st', 'nr', 'es', 'su', 'sw', 'ss', 'sv', 'tl', 'ty', 'tg', 'ta', 'tt', 'te', 'th', 'bo', 'ti', 'to', 'ts', 'tn', 'tr', 'tk', 'tw', 'ug', 'uk', 'ur', 'uz', 've', 'vi', 'vo', 'wa', 'cy', 'wo', 'xh', 'yi', 'yo', 'za', 'zu'], 'persist_stored_files': True, 'version': 0, 'accepts_from': None, 'prefs': False, 'name': 'Home Theater Backdrops'}], 'com.plexapp.agents.movieposterdb': [{'media_types': ['Movie'], 'primary_provider': False, 'fallback_agent': None, 'contributes_to': ['com.plexapp.agents.imdb'], 'has_attribution': True, 'languages': ['xn'], 'persist_stored_files': True, 'version': 0, 'accepts_from': None, 'prefs': False, 'name': 'CineMaterial'}], 'com.plexapp.agents.localmedia': [{'media_types': ['Movie'], 'primary_provider': False, 'fallback_agent': None, 'contributes_to': ['com.plexapp.agents.imdb', 'com.plexapp.agents.none'], 'has_attribution': False, 'languages': ['xn'], 'persist_stored_files': False, 'version': 0, 'accepts_from': None, 'prefs': True, 'name': 'Local Media Assets (Movies)'}, {'media_types': ['TV_Show'], 'primary_provider': False, 'fallback_agent': None, 'contributes_to': ['com.plexapp.agents.thetvdb', 'com.plexapp.agents.none'], 'has_attribution': False, 'languages': ['xn'], 'persist_stored_files': False, 'version': 0, 'accepts_from': None, 'prefs': True, 'name': 'Local Media Assets (TV)'}, {'media_types': ['Artist'], 'primary_provider': False, 'fallback_agent': None, 'contributes_to': ['com.plexapp.agents.discogs', 'com.plexapp.agents.lastfm', 'com.plexapp.agents.plexmusic', 'com.plexapp.agents.none', 'tv.plex.agents.music', 'org.musicbrainz.agents.music'], 'has_attribution': False, 'languages': ['xn'], 'persist_stored_files': False, 'version': 0, 'accepts_from': None, 'prefs': True, 'name': 'Local Media Assets (Artists)'}, {'media_types': ['Artist'], 'primary_provider': False, 'fallback_agent': None, 'contributes_to': ['com.plexapp.agents.plexmusic'], 'has_attribution': False, 'languages': ['xn'], 'persist_stored_files': False, 'version': 2, 'accepts_from': None, 'prefs': True, 'name': 'Local Media Assets (Artists)'}, {'media_types': ['Album'], 'primary_provider': False, 'fallback_agent': None, 'contributes_to': ['com.plexapp.agents.discogs', 'com.plexapp.agents.lastfm', 'com.plexapp.agents.plexmusic', 'com.plexapp.agents.none', 'tv.plex.agents.music', 'org.musicbrainz.agents.music'], 'has_attribution': False, 'languages': ['xn'], 'persist_stored_files': False, 'version': 0, 'accepts_from': None, 'prefs': True, 'name': 'Local Media Assets (Albums)'}], 'com.plexapp.agents.plexthememusic': [{'media_types': ['TV_Show'], 'primary_provider': False, 'fallback_agent': None, 'contributes_to': ['com.plexapp.agents.thetvdb', 'com.plexapp.agents.thetvdbdvdorder', 'com.plexapp.agents.themoviedb'], 'has_attribution': False, 'languages': ['xn'], 'persist_stored_files': True, 'version': 0, 'accepts_from': None, 'prefs': False, 'name': 'Plex Theme Music'}]}
2022-01-16 17:53:05,094 (7ff37612ab38) :  INFO (datakit:131) - Saved the dictionary file
2022-01-16 17:53:05,544 (7ff3763f0b38) :  DEBUG (runtime:717) - Handling request GET /system/messaging/clear_events/com.plexapp.agents.imdb
2022-01-16 17:53:05,559 (7ff3763f0b38) :  DEBUG (runtime:814) - Found route matching /system/messaging/clear_events/com.plexapp.agents.imdb
2022-01-16 17:53:05,560 (7ff3763f0b38) :  DEBUG (runtime:88) - Sending packed state data (99 bytes)
2022-01-16 17:53:05,560 (7ff3763f0b38) :  DEBUG (runtime:924) - Response: [200] str, 0 bytes
2022-01-16 17:53:05,631 (7ff3763f0b38) :  DEBUG (runtime:717) - Handling request GET /:/plugins/com.plexapp.system/resourceHashes
2022-01-16 17:53:05,632 (7ff3763f0b38) :  DEBUG (runtime:814) - Found route matching /:/plugins/com.plexapp.system/resourceHashes
2022-01-16 17:53:05,633 (7ff3763f0b38) :  DEBUG (networking:143) - Requesting 'http://resources-cdn.plexapp.com/hashes.json'
2022-01-16 17:53:06,023 (7ff3763f0b38) :  ERROR (networking:196) - Error opening URL 'http://resources-cdn.plexapp.com/hashes.json'
2022-01-16 17:53:06,025 (7ff3763f0b38) :  CRITICAL (runtime:1299) - Exception getting hosted resource hashes (most recent call last):
  File "/usr/lib/plexmediaserver/Resources/Plug-ins-f11334058/Framework.bundle/Contents/Resources/Versions/2/Python/Framework/components/runtime.py", line 1291, in get_resource_hashes
    json = self._core.networking.http_request("http://resources-cdn.plexapp.com/hashes.json", timeout=5).content
  File "/usr/lib/plexmediaserver/Resources/Plug-ins-f11334058/Framework.bundle/Contents/Resources/Versions/2/Python/Framework/components/networking.py", line 242, in content
    return self.__str__()
  File "/usr/lib/plexmediaserver/Resources/Plug-ins-f11334058/Framework.bundle/Contents/Resources/Versions/2/Python/Framework/components/networking.py", line 220, in __str__
    self.load()
  File "/usr/lib/plexmediaserver/Resources/Plug-ins-f11334058/Framework.bundle/Contents/Resources/Versions/2/Python/Framework/components/networking.py", line 158, in load
    f = self._opener.open(req, timeout=self._timeout)
  File "/usr/lib/plexmediaserver/Resources/Python/python27.zip/urllib2.py", line 435, in open
    response = meth(req, response)
  File "/usr/lib/plexmediaserver/Resources/Python/python27.zip/urllib2.py", line 548, in http_response
    'http', request, response, code, msg, hdrs)
  File "/usr/lib/plexmediaserver/Resources/Python/python27.zip/urllib2.py", line 473, in error
    return self._call_chain(*args)
  File "/usr/lib/plexmediaserver/Resources/Python/python27.zip/urllib2.py", line 407, in _call_chain
    result = func(*args)
  File "/usr/lib/plexmediaserver/Resources/Python/python27.zip/urllib2.py", line 556, in http_error_default
    raise HTTPError(req.get_full_url(), code, msg, hdrs, fp)
HTTPError: HTTP Error 403: Forbidden

2022-01-16 17:53:06,026 (7ff3763f0b38) :  DEBUG (runtime:88) - Sending packed state data (99 bytes)
2022-01-16 17:53:06,026 (7ff3763f0b38) :  DEBUG (runtime:924) - Response: [404] NoneType, 0 bytes
2022-01-16 17:53:06,039 (7ff3763f0b38) :  DEBUG (runtime:717) - Handling request GET /:/plugins/com.plexapp.system/messaging/function/X0J1bmRsZVNlcnZpY2U6QWxsU2VydmljZXM_/Y2VyZWFsMQoxCmxpc3QKMApyMAo_/Y2VyZWFsMQoxCmRpY3QKMApyMAo_
2022-01-16 17:53:06,039 (7ff3763f0b38) :  DEBUG (runtime:49) - Received packed state data (80 bytes)
2022-01-16 17:53:06,040 (7ff3763f0b38) :  DEBUG (runtime:814) - Found route matching /:/plugins/com.plexapp.system/messaging/function/X0J1bmRsZVNlcnZpY2U6QWxsU2VydmljZXM_/Y2VyZWFsMQoxCmxpc3QKMApyMAo_/Y2VyZWFsMQoxCmRpY3QKMApyMAo_
2022-01-16 17:53:06,040 (7ff3763f0b38) :  DEBUG (runtime:88) - Sending packed state data (99 bytes)
2022-01-16 17:53:06,040 (7ff3763f0b38) :  DEBUG (runtime:924) - Response: [200] str, 516 bytes
2022-01-16 17:53:06,453 (7ff3763f0b38) :  DEBUG (runtime:717) - Handling request GET /:/plugins/com.plexapp.system/messaging/function/X0FnZW50U2VydmljZTpVcGRhdGVJbmZv/Y2VyZWFsMQoxCmxpc3QKMApyMAo_/Y2VyZWFsMQo3CmRpY3QKbGlzdApkaWN0Cmxpc3QKbGlzdApsaXN0Cmxpc3QKMgpzMjMKY29tLnBsZXhhcHAuYWdlbnRzLmltZGJzMTAKaWRlbnRpZmllcnIxCnMxMAphZ2VudF9pbmZvMQpyMgoxMApyMwpzMTEKbWVkaWFfdHlwZXNyNApzMTIKYWNjZXB0c19mcm9tbnMxNApmYWxsYmFja19hZ2VudHI1CnMxNApjb250cmlidXRlc190b3I2CnM5Cmxhbmd1YWdlc2IxczIwCnBlcnNpc3Rfc3RvcmVkX2ZpbGVzaTAKczcKdmVyc2lvbmIxczE2CnByaW1hcnlfcHJvdmlkZXJiMXM1CnByZWZzczEwClBsZXggTW92aWVzNApuYW1lMQpzNQpNb3ZpZTEKczI5CmNvbS5wbGV4YXBwLmFnZW50cy5sb2NhbG1lZGlhMQpzMjkKY29tLnBsZXhhcHAuYWdlbnRzLnRoZW1vdmllZGIzMwpzMgplbnMyCnN2czIKZnJzMgplc3MyCm5sczIKZGVzMgppdHMyCmRhczIKYXJzMgpjYXMyCnpoczIKY3NzMgpldHMyCmZpczIKZWxzMgpoZXMyCmhpczIKaHVzMgppZHMyCmphczIKa29zMgpsdnMyCm5vczIKZmFzMgpwbHMyCnB0czIKcm9zMgpydXMyCnNrczIKdGhzMgp0cnMyCnVrczIKdmlyMAo_
2022-01-16 17:53:06,453 (7ff3763f0b38) :  DEBUG (runtime:49) - Received packed state data (80 bytes)
2022-01-16 17:53:06,454 (7ff3763f0b38) :  DEBUG (runtime:814) - Found route matching /:/plugins/com.plexapp.system/messaging/function/X0FnZW50U2VydmljZTpVcGRhdGVJbmZv/Y2VyZWFsMQoxCmxpc3QKMApyMAo_/Y2VyZWFsMQo3CmRpY3QKbGlzdApkaWN0Cmxpc3QKbGlzdApsaXN0Cmxpc3QKMgpzMjMKY29tLnBsZXhhcHAuYWdlbnRzLmltZGJzMTAKaWRlbnRpZmllcnIxCnMxMAphZ2VudF9pbmZvMQpyMgoxMApyMwpzMTEKbWVkaWFfdHlwZXNyNApzMTIKYWNjZXB0c19mcm9tbnMxNApmYWxsYmFja19hZ2VudHI1CnMxNApjb250cmlidXRlc190b3I2CnM5Cmxhbmd1YWdlc2IxczIwCnBlcnNpc3Rfc3RvcmVkX2ZpbGVzaTAKczcKdmVyc2lvbmIxczE2CnByaW1hcnlfcHJvdmlkZXJiMXM1CnByZWZzczEwClBsZXggTW92aWVzNApuYW1lMQpzNQpNb3ZpZTEKczI5CmNvbS5wbGV4YXBwLmFnZW50cy5sb2NhbG1lZGlhMQpzMjkKY29tLnBsZXhhcHAuYWdlbnRzLnRoZW1vdmllZGIzMwpzMgplbnMyCnN2czIKZnJzMgplc3MyCm5sczIKZGVzMgppdHMyCmRhczIKYXJzMgpjYXMyCnpoczIKY3NzMgpldHMyCmZpczIKZWxzMgpoZXMyCmhpczIKaHVzMgppZHMyCmphczIKa29zMgpsdnMyCm5vczIKZmFzMgpwbHMyCnB0czIKcm9zMgpydXMyCnNrczIKdGhzMgp0cnMyCnVrczIKdmlyMAo_
2022-01-16 17:53:06,454 (7ff3763f0b38) :  INFO (agentservice:175) - Receiving agent info from com.plexapp.agents.imdb: [{'media_types': ['Movie'], 'primary_provider': True, 'fallback_agent': None, 'contributes_to': ['com.plexapp.agents.themoviedb'], 'languages': ['en', 'sv', 'fr', 'es', 'nl', 'de', 'it', 'da', 'ar', 'ca', 'zh', 'cs', 'et', 'fi', 'el', 'he', 'hi', 'hu', 'id', 'ja', 'ko', 'lv', 'no', 'fa', 'pl', 'pt', 'ro', 'ru', 'sk', 'th', 'tr', 'uk', 'vi'], 'persist_stored_files': True, 'version': 0, 'accepts_from': ['com.plexapp.agents.localmedia'], 'prefs': True, 'name': 'Plex Movie'}]
2022-01-16 17:53:06,455 (7ff3763f0b38) :  DEBUG (runtime:88) - Sending packed state data (99 bytes)
2022-01-16 17:53:06,455 (7ff3763f0b38) :  DEBUG (runtime:924) - Response: [200] str, 16 bytes
2022-01-16 17:53:10,024 (7ff3763f0b38) :  DEBUG (runtime:717) - Handling request GET /system/notify/serverUpdated?host=127.0.0.1
2022-01-16 17:53:10,026 (7ff3763f0b38) :  DEBUG (runtime:814) - Found route matching /system/notify/serverUpdated
2022-01-16 17:53:10,026 (7ff3763f0b38) :  DEBUG (peerservice:386) - Handling server update notification (127.0.0.1)
2022-01-16 17:53:10,026 (7ff3763f0b38) :  DEBUG (peerservice:189) - Updating servers (True/False True/True/True)
2022-01-16 17:53:10,026 (7ff3763f0b38) :  DEBUG (peerservice:164) - Fetching the current list of servers
2022-01-16 17:53:10,027 (7ff3763f0b38) :  DEBUG (networking:143) - Requesting 'http://127.0.0.1:32400/servers'
2022-01-16 17:53:10,029 (7ff3763f0b38) :  DEBUG (peerservice:198) - Found 1 servers
2022-01-16 17:53:10,029 (7ff3763f0b38) :  DEBUG (peerservice:214) - Ignoring befe4766b9f0ea72ec61f449f992356cdef0d4ca because host != 127.0.0.1 (172.21.0.3)
2022-01-16 17:53:10,030 (7ff3763f0b38) :  DEBUG (networking:143) - Requesting 'http://127.0.0.1:32400/library/sections'
2022-01-16 17:53:10,035 (7ff3763f0b38) :  DEBUG (networking:143) - Requesting 'http://127.0.0.1:32400/channels/all'
2022-01-16 17:53:10,037 (7ff3763f0b38) :  DEBUG (runtime:924) - Response: [200] str, 0 bytes
2022-01-16 17:53:10,090 (7ff37641fb38) :  INFO (datakit:131) - Saved the dictionary file
2022-01-16 17:55:05,012 (7ff376180b38) :  DEBUG (runtime:1156) - Starting timed thread named 'refresh_servers'
2022-01-16 17:55:05,013 (7ff376180b38) :  DEBUG (peerservice:164) - Fetching the current list of servers
2022-01-16 17:55:05,013 (7ff376180b38) :  DEBUG (networking:143) - Requesting 'http://127.0.0.1:32400/servers'
2022-01-16 17:55:05,015 (7ff376180b38) :  DEBUG (peerservice:171) - Refreshing local server
2022-01-16 17:55:05,016 (7ff376180b38) :  DEBUG (peerservice:189) - Updating servers (True/False True/True/True)
2022-01-16 17:55:05,016 (7ff376180b38) :  DEBUG (peerservice:198) - Found 1 servers
2022-01-16 17:55:05,016 (7ff376180b38) :  DEBUG (peerservice:233) - Updating existing server 84054c665b19 (befe4766b9f0ea72ec61f449f992356cdef0d4ca)
2022-01-16 17:55:05,016 (7ff376180b38) :  DEBUG (networking:143) - Requesting 'http://127.0.0.1:32400/library/sections'
2022-01-16 17:55:05,023 (7ff376180b38) :  DEBUG (networking:143) - Requesting 'http://127.0.0.1:32400/channels/all'
2022-01-16 17:55:05,026 (7ff37641fb38) :  DEBUG (peerservice:176) - Background-refreshing remote servers
2022-01-16 17:55:05,026 (7ff376180b38) :  DEBUG (runtime:1117) - Created a thread named 'background_refresh'
2022-01-16 17:55:05,026 (7ff37641fb38) :  DEBUG (peerservice:189) - Updating servers (True/False True/True/True)
2022-01-16 17:55:05,027 (7ff37641fb38) :  DEBUG (peerservice:198) - Found 1 servers
2022-01-16 17:55:05,027 (7ff37641fb38) :  DEBUG (peerservice:233) - Updating existing server 84054c665b19 (befe4766b9f0ea72ec61f449f992356cdef0d4ca)
2022-01-16 17:55:05,027 (7ff37641fb38) :  DEBUG (networking:143) - Requesting 'http://127.0.0.1:32400/library/sections'
2022-01-16 17:55:05,029 (7ff37641fb38) :  DEBUG (networking:143) - Requesting 'http://127.0.0.1:32400/channels/all'
